<?xml version="1.0" encoding="UTF-8"?>
<!-- Generated by org.testng.reporters.JUnitXMLReporter -->
<testsuite ignored="0" hostname="DESKTOP-ER7PL0P" failures="2" tests="6" name="Test" time="28.505" errors="0" timestamp="2020-01-14T13:24:17 EST">
  <testcase classname="com.class2.AssertionsDemo" name="titleValidation" time="0.013">
    <failure type="java.lang.AssertionError" message="Titles are NOT matched expected [Human Management Systems] but found [Human Management System]">
      <![CDATA[java.lang.AssertionError: Titles are NOT matched expected [Human Management Systems] but found [Human Management System]
at com.class2.AssertionsDemo.titleValidation(AssertionsDemo.java:32)
at java.base/java.util.ArrayList.forEach(ArrayList.java:1540)
... Removed 31 stack frames]]>
    </failure>
  </testcase> <!-- titleValidation -->
  <testcase classname="com.class2.AssertionsDemo" name="logoValidation" time="0.056"/>
  <testcase classname="com.class2.SoftAssertionDemo" name="logoAndLogin" time="2.048">
    <failure type="java.lang.AssertionError" message="The following asserts failed:
	Logo is NOT displayed did not expect to find [true] but found [false]">
      <![CDATA[java.lang.AssertionError: The following asserts failed:
Logo is NOT displayed did not expect to find [true] but found [false]
at com.class2.SoftAssertionDemo.logoAndLogin(SoftAssertionDemo.java:64)
at java.base/java.util.ArrayList.forEach(ArrayList.java:1540)
... Removed 29 stack frames]]>
    </failure>
  </testcase> <!-- logoAndLogin -->
  <testcase classname="com.class1.TitleLogoAndLoginVerification" name="logoValidation" time="0.041"/>
  <testcase classname="com.class1.TitleLogoAndLoginVerification" name="titleValidation" time="0.006"/>
  <testcase classname="com.class1.TitleLogoAndLoginVerification" name="validLogin" time="1.961"/>
</testsuite> <!-- Test -->
