<?xml version="1.0" encoding="UTF-8"?>
<!-- Generated by org.testng.reporters.JUnitXMLReporter -->
<testsuite ignored="17" hostname="DESKTOP-ER7PL0P" failures="1" tests="1" name="Regression Test" time="0.048" errors="0" timestamp="2020-01-14T21:16:55 EST">
  <testcase classname="com.class1.TitleLogoAndLoginVerification" name="logoValidation" time="0.012">
    <failure type="java.lang.NullPointerException">
      <![CDATA[java.lang.NullPointerException
at com.class1.TitleLogoAndLoginVerification.logoValidation(TitleLogoAndLoginVerification.java:32)
at java.base/java.util.ArrayList.forEach(ArrayList.java:1540)
... Removed 27 stack frames]]>
    </failure>
  </testcase> <!-- logoValidation -->
  <testcase classname="com.class2.AssertionsDemo" name="titleValidation" time="0.0">
    <ignored/>
  </testcase> <!-- titleValidation -->
  <testcase classname="com.class1.TestNGDemo" name="testTwo" time="0.0">
    <ignored/>
  </testcase> <!-- testTwo -->
  <testcase classname="com.class2.SoftAssertionDemo" name="logoAndLogin" time="0.0">
    <ignored/>
  </testcase> <!-- logoAndLogin -->
  <testcase classname="com.class1.TestNGDemo" name="testOne" time="0.0">
    <ignored/>
  </testcase> <!-- testOne -->
  <testcase classname="com.class2.task" name="LogoAndLogin" time="0.0">
    <ignored/>
  </testcase> <!-- LogoAndLogin -->
  <testcase classname="com.class1.TestNGDemo" name="testThree" time="0.0">
    <ignored/>
  </testcase> <!-- testThree -->
  <testcase classname="com.class2.HWMy" name="validationOfLogo" time="0.0">
    <ignored/>
  </testcase> <!-- validationOfLogo -->
  <testcase classname="com.class1.DifferentAnnotation" name="test" time="0.0">
    <ignored/>
  </testcase> <!-- test -->
  <testcase classname="com.class1.Task1" name="MyTest2" time="0.0">
    <ignored/>
  </testcase> <!-- MyTest2 -->
  <testcase classname="com.class2.HWMy" name="validationofMessage" time="0.0">
    <ignored/>
  </testcase> <!-- validationofMessage -->
  <testcase classname="com.class1.TitleLogoAndLoginVerification" name="titleValidation" time="0.0">
    <ignored/>
  </testcase> <!-- titleValidation -->
  <testcase classname="com.class2.HW" name="validationOfLogo" time="0.0">
    <ignored/>
  </testcase> <!-- validationOfLogo -->
  <testcase classname="com.class1.Task1" name="MyTest1" time="0.0">
    <ignored/>
  </testcase> <!-- MyTest1 -->
  <testcase classname="com.class2.HW" name="validationOfMessage" time="0.0">
    <ignored/>
  </testcase> <!-- validationOfMessage -->
  <testcase classname="com.class3.AlwaysRun" name="testMethod" time="0.0">
    <ignored/>
  </testcase> <!-- testMethod -->
  <testcase classname="com.class1.TitleLogoAndLoginVerification" name="validLogin" time="0.0">
    <ignored/>
  </testcase> <!-- validLogin -->
  <testcase classname="com.class2.AssertionsDemo" name="logoValidation" time="0.0">
    <ignored/>
  </testcase> <!-- logoValidation -->
</testsuite> <!-- Regression Test -->
